{"/home/travis/build/npmtest/node-npmtest-cross-spawn/test.js":{"path":"/home/travis/build/npmtest/node-npmtest-cross-spawn/test.js","s":{"1":2,"2":2,"3":2,"4":2,"5":2,"6":2,"7":2,"8":1,"9":2,"10":2,"11":1,"12":1,"13":1,"14":1,"15":2,"16":2,"17":2,"18":2,"19":1,"20":1,"21":2,"22":2,"23":2,"24":1,"25":1,"26":1,"27":1,"28":1,"29":1,"30":1,"31":1,"32":1,"33":1,"34":1,"35":1,"36":1,"37":2,"38":2,"39":1,"40":2,"41":2,"42":1,"43":2,"44":2,"45":1,"46":2,"47":2,"48":1,"49":1,"50":1,"51":1,"52":1},"b":{"1":[2,1,1,1],"2":[1,1,1,1],"3":[1,1],"4":[1,1],"5":[1,1],"6":[1,1],"7":[1,1],"8":[1,1],"9":[1,1,1],"10":[1,1],"11":[1,1],"12":[1,1],"13":[1,1],"14":[1,1],"15":[1,1],"16":[1,1]},"f":{"1":2,"2":2,"3":2,"4":2,"5":2,"6":1,"7":1,"8":2,"9":2,"10":2,"11":2,"12":1},"fnMap":{"1":{"name":"(anonymous_1)","line":12,"loc":{"start":{"line":12,"column":1},"end":{"line":12,"column":13}}},"2":{"name":"(anonymous_2)","line":19,"loc":{"start":{"line":19,"column":5},"end":{"line":19,"column":17}}},"3":{"name":"(anonymous_3)","line":23,"loc":{"start":{"line":23,"column":24},"end":{"line":23,"column":36}}},"4":{"name":"(anonymous_4)","line":61,"loc":{"start":{"line":61,"column":5},"end":{"line":61,"column":17}}},"5":{"name":"(anonymous_5)","line":82,"loc":{"start":{"line":82,"column":5},"end":{"line":82,"column":17}}},"6":{"name":"(anonymous_6)","line":102,"loc":{"start":{"line":102,"column":83},"end":{"line":105,"column":10}},"skip":true},"7":{"name":"(anonymous_7)","line":113,"loc":{"start":{"line":113,"column":77},"end":{"line":116,"column":10}},"skip":true},"8":{"name":"(anonymous_8)","line":129,"loc":{"start":{"line":129,"column":12},"end":{"line":129,"column":40}},"skip":true},"9":{"name":"(anonymous_9)","line":137,"loc":{"start":{"line":137,"column":77},"end":{"line":140,"column":10}},"skip":true},"10":{"name":"(anonymous_10)","line":148,"loc":{"start":{"line":148,"column":83},"end":{"line":151,"column":10}},"skip":true},"11":{"name":"(anonymous_11)","line":159,"loc":{"start":{"line":159,"column":79},"end":{"line":162,"column":10}},"skip":true},"12":{"name":"(anonymous_12)","line":170,"loc":{"start":{"line":170,"column":75},"end":{"line":173,"column":10}},"skip":true}},"statementMap":{"1":{"start":{"line":12,"column":0},"end":{"line":185,"column":5}},"2":{"start":{"line":14,"column":4},"end":{"line":14,"column":14}},"3":{"start":{"line":19,"column":4},"end":{"line":56,"column":9}},"4":{"start":{"line":21,"column":8},"end":{"line":21,"column":19}},"5":{"start":{"line":23,"column":8},"end":{"line":35,"column":13}},"6":{"start":{"line":24,"column":12},"end":{"line":34,"column":13}},"7":{"start":{"line":25,"column":16},"end":{"line":28,"column":30}},"8":{"start":{"line":30,"column":16},"end":{"line":33,"column":27}},"9":{"start":{"line":37,"column":8},"end":{"line":39,"column":21}},"10":{"start":{"line":40,"column":8},"end":{"line":53,"column":9}},"11":{"start":{"line":43,"column":12},"end":{"line":46,"column":14}},"12":{"start":{"line":47,"column":12},"end":{"line":47,"column":18}},"13":{"start":{"line":50,"column":12},"end":{"line":51,"column":46}},"14":{"start":{"line":52,"column":12},"end":{"line":52,"column":18}},"15":{"start":{"line":55,"column":8},"end":{"line":55,"column":35}},"16":{"start":{"line":61,"column":4},"end":{"line":63,"column":9}},"17":{"start":{"line":62,"column":8},"end":{"line":62,"column":15}},"18":{"start":{"line":64,"column":4},"end":{"line":77,"column":5}},"19":{"start":{"line":70,"column":8},"end":{"line":70,"column":14}},"20":{"start":{"line":76,"column":8},"end":{"line":76,"column":14}},"21":{"start":{"line":82,"column":4},"end":{"line":84,"column":9}},"22":{"start":{"line":83,"column":8},"end":{"line":83,"column":15}},"23":{"start":{"line":85,"column":4},"end":{"line":184,"column":5}},"24":{"start":{"line":92,"column":8},"end":{"line":94,"column":63}},"25":{"start":{"line":95,"column":8},"end":{"line":95,"column":14}},"26":{"start":{"line":102,"column":8},"end":{"line":111,"column":10},"skip":true},"27":{"start":{"line":109,"column":12},"end":{"line":109,"column":55},"skip":true},"28":{"start":{"line":110,"column":12},"end":{"line":110,"column":48},"skip":true},"29":{"start":{"line":113,"column":8},"end":{"line":126,"column":10},"skip":true},"30":{"start":{"line":120,"column":12},"end":{"line":120,"column":76},"skip":true},"31":{"start":{"line":121,"column":12},"end":{"line":121,"column":73},"skip":true},"32":{"start":{"line":122,"column":12},"end":{"line":122,"column":74},"skip":true},"33":{"start":{"line":123,"column":12},"end":{"line":123,"column":79},"skip":true},"34":{"start":{"line":124,"column":12},"end":{"line":124,"column":25},"skip":true},"35":{"start":{"line":125,"column":12},"end":{"line":125,"column":45},"skip":true},"36":{"start":{"line":128,"column":8},"end":{"line":135,"column":14},"skip":true},"37":{"start":{"line":133,"column":16},"end":{"line":133,"column":29},"skip":true},"38":{"start":{"line":134,"column":16},"end":{"line":134,"column":55},"skip":true},"39":{"start":{"line":137,"column":8},"end":{"line":146,"column":10},"skip":true},"40":{"start":{"line":144,"column":12},"end":{"line":144,"column":25},"skip":true},"41":{"start":{"line":145,"column":12},"end":{"line":145,"column":45},"skip":true},"42":{"start":{"line":148,"column":8},"end":{"line":157,"column":10},"skip":true},"43":{"start":{"line":155,"column":12},"end":{"line":155,"column":25},"skip":true},"44":{"start":{"line":156,"column":12},"end":{"line":156,"column":48},"skip":true},"45":{"start":{"line":159,"column":8},"end":{"line":168,"column":10},"skip":true},"46":{"start":{"line":166,"column":12},"end":{"line":166,"column":25},"skip":true},"47":{"start":{"line":167,"column":12},"end":{"line":167,"column":46},"skip":true},"48":{"start":{"line":170,"column":8},"end":{"line":179,"column":10},"skip":true},"49":{"start":{"line":177,"column":12},"end":{"line":177,"column":94},"skip":true},"50":{"start":{"line":178,"column":12},"end":{"line":178,"column":48},"skip":true},"51":{"start":{"line":182,"column":8},"end":{"line":182,"column":35},"skip":true},"52":{"start":{"line":183,"column":8},"end":{"line":183,"column":14},"skip":true}},"branchMap":{"1":{"line":25,"type":"binary-expr","locations":[{"start":{"line":25,"column":23},"end":{"line":25,"column":62}},{"start":{"line":26,"column":20},"end":{"line":26,"column":70}},{"start":{"line":27,"column":20},"end":{"line":27,"column":71}},{"start":{"line":28,"column":20},"end":{"line":28,"column":29}}]},"2":{"line":30,"type":"binary-expr","locations":[{"start":{"line":30,"column":23},"end":{"line":30,"column":37}},{"start":{"line":31,"column":20},"end":{"line":31,"column":61}},{"start":{"line":32,"column":20},"end":{"line":32,"column":70}},{"start":{"line":33,"column":20},"end":{"line":33,"column":26}}]},"3":{"line":37,"type":"cond-expr","locations":[{"start":{"line":38,"column":14},"end":{"line":38,"column":20}},{"start":{"line":39,"column":14},"end":{"line":39,"column":20}}]},"4":{"line":40,"type":"switch","locations":[{"start":{"line":42,"column":8},"end":{"line":47,"column":18}},{"start":{"line":49,"column":8},"end":{"line":52,"column":18}}]},"5":{"line":44,"type":"binary-expr","locations":[{"start":{"line":44,"column":16},"end":{"line":44,"column":44}},{"start":{"line":44,"column":48},"end":{"line":44,"column":66}}]},"6":{"line":50,"type":"binary-expr","locations":[{"start":{"line":50,"column":21},"end":{"line":50,"column":49}},{"start":{"line":50,"column":53},"end":{"line":50,"column":72}}]},"7":{"line":64,"type":"switch","locations":[{"start":{"line":69,"column":4},"end":{"line":70,"column":14}},{"start":{"line":75,"column":4},"end":{"line":76,"column":14}}]},"8":{"line":85,"type":"switch","locations":[{"start":{"line":90,"column":4},"end":{"line":95,"column":14}},{"start":{"line":101,"column":4},"end":{"line":183,"column":14},"skip":true}]},"9":{"line":92,"type":"binary-expr","locations":[{"start":{"line":92,"column":18},"end":{"line":92,"column":32}},{"start":{"line":93,"column":12},"end":{"line":93,"column":53}},{"start":{"line":94,"column":12},"end":{"line":94,"column":61}}]},"10":{"line":102,"type":"binary-expr","locations":[{"start":{"line":102,"column":45},"end":{"line":102,"column":79},"skip":true},{"start":{"line":102,"column":83},"end":{"line":111,"column":9},"skip":true}]},"11":{"line":113,"type":"binary-expr","locations":[{"start":{"line":113,"column":42},"end":{"line":113,"column":73},"skip":true},{"start":{"line":113,"column":77},"end":{"line":126,"column":9},"skip":true}]},"12":{"line":128,"type":"binary-expr","locations":[{"start":{"line":128,"column":48},"end":{"line":128,"column":85},"skip":true},{"start":{"line":129,"column":12},"end":{"line":135,"column":13},"skip":true}]},"13":{"line":137,"type":"binary-expr","locations":[{"start":{"line":137,"column":42},"end":{"line":137,"column":73},"skip":true},{"start":{"line":137,"column":77},"end":{"line":146,"column":9},"skip":true}]},"14":{"line":148,"type":"binary-expr","locations":[{"start":{"line":148,"column":45},"end":{"line":148,"column":79},"skip":true},{"start":{"line":148,"column":83},"end":{"line":157,"column":9},"skip":true}]},"15":{"line":159,"type":"binary-expr","locations":[{"start":{"line":159,"column":43},"end":{"line":159,"column":75},"skip":true},{"start":{"line":159,"column":79},"end":{"line":168,"column":9},"skip":true}]},"16":{"line":170,"type":"binary-expr","locations":[{"start":{"line":170,"column":41},"end":{"line":170,"column":71},"skip":true},{"start":{"line":170,"column":75},"end":{"line":179,"column":9},"skip":true}]}},"code":["/* istanbul instrument in package npmtest_cross_spawn */","/*jslint","    bitwise: true,","    browser: true,","    maxerr: 8,","    maxlen: 96,","    node: true,","    nomen: true,","    regexp: true,","    stupid: true","*/","(function () {","    'use strict';","    var local;","","","","    // run shared js-env code - pre-init","    (function () {","        // init local","        local = {};","        // init modeJs","        local.modeJs = (function () {","            try {","                return typeof navigator.userAgent === 'string' &&","                    typeof document.querySelector('body') === 'object' &&","                    typeof XMLHttpRequest.prototype.open === 'function' &&","                    'browser';","            } catch (errorCaughtBrowser) {","                return module.exports &&","                    typeof process.versions.node === 'string' &&","                    typeof require('http').createServer === 'function' &&","                    'node';","            }","        }());","        // init global","        local.global = local.modeJs === 'browser'","            ? window","            : global;","        switch (local.modeJs) {","        // re-init local from window.local","        case 'browser':","            local = local.global.utility2.objectSetDefault(","                local.global.utility2_rollup || local.global.local,","                local.global.utility2","            );","            break;","        // re-init local from example.js","        case 'node':","            local = (local.global.utility2_rollup || require('utility2'))","                .requireExampleJsFromReadme();","            break;","        }","        // export local","        local.global.local = local;","    }());","","","","    // run shared js-env code - function","    (function () {","        return;","    }());","    switch (local.modeJs) {","","","","    // run browser js-env code - function","    case 'browser':","        break;","","","","    // run node js-env code - function","    case 'node':","        break;","    }","","","","    // run shared js-env code - post-init","    (function () {","        return;","    }());","    switch (local.modeJs) {","","","","    // run browser js-env code - post-init","    case 'browser':","        // run tests","        local.nop(local.modeTest &&","            document.querySelector('#testRunButton1') &&","            document.querySelector('#testRunButton1').click());","        break;","","","","    // run node js-env code - post-init","    /* istanbul ignore next */","    case 'node':","        local.testCase_buildApidoc_default = local.testCase_buildApidoc_default || function (","            options,","            onError","        ) {","        /*","         * this function will test buildApidoc's default handling-behavior-behavior","         */","            options = { modulePathList: module.paths };","            local.buildApidoc(options, onError);","        };","","        local.testCase_buildApp_default = local.testCase_buildApp_default || function (","            options,","            onError","        ) {","        /*","         * this function will test buildApp's default handling-behavior-behavior","         */","            local.testCase_buildReadme_default(options, local.onErrorThrow);","            local.testCase_buildLib_default(options, local.onErrorThrow);","            local.testCase_buildTest_default(options, local.onErrorThrow);","            local.testCase_buildCustomOrg_default(options, local.onErrorThrow);","            options = [];","            local.buildApp(options, onError);","        };","","        local.testCase_buildCustomOrg_default = local.testCase_buildCustomOrg_default ||","            function (options, onError) {","            /*","             * this function will test buildCustomOrg's default handling-behavior","             */","                options = {};","                local.buildCustomOrg(options, onError);","            };","","        local.testCase_buildLib_default = local.testCase_buildLib_default || function (","            options,","            onError","        ) {","        /*","         * this function will test buildLib's default handling-behavior","         */","            options = {};","            local.buildLib(options, onError);","        };","","        local.testCase_buildReadme_default = local.testCase_buildReadme_default || function (","            options,","            onError","        ) {","        /*","         * this function will test buildReadme's default handling-behavior-behavior","         */","            options = {};","            local.buildReadme(options, onError);","        };","","        local.testCase_buildTest_default = local.testCase_buildTest_default || function (","            options,","            onError","        ) {","        /*","         * this function will test buildTest's default handling-behavior","         */","            options = {};","            local.buildTest(options, onError);","        };","","        local.testCase_webpage_default = local.testCase_webpage_default || function (","            options,","            onError","        ) {","        /*","         * this function will test webpage's default handling-behavior","         */","            options = { modeCoverageMerge: true, url: local.serverLocalHost + '?modeTest=1' };","            local.browserTest(options, onError);","        };","","        // run test-server","        local.testRunServer(local);","        break;","    }","}());",""],"l":{"12":2,"14":2,"19":2,"21":2,"23":2,"24":2,"25":2,"30":1,"37":2,"40":2,"43":1,"47":1,"50":1,"52":1,"55":2,"61":2,"62":2,"64":2,"70":1,"76":1,"82":2,"83":2,"85":2,"92":1,"95":1,"102":1,"109":1,"110":1,"113":1,"120":1,"121":1,"122":1,"123":1,"124":1,"125":1,"128":1,"133":2,"134":2,"137":1,"144":2,"145":2,"148":1,"155":2,"156":2,"159":1,"166":2,"167":2,"170":1,"177":1,"178":1,"182":1,"183":1}},"/home/travis/build/npmtest/node-npmtest-cross-spawn/lib.npmtest_cross_spawn.js":{"path":"/home/travis/build/npmtest/node-npmtest-cross-spawn/lib.npmtest_cross_spawn.js","s":{"1":2,"2":2,"3":2,"4":2,"5":2,"6":2,"7":2,"8":1,"9":2,"10":2,"11":2,"12":2,"13":1,"14":1,"15":1,"16":1},"b":{"1":[2,1,1,1],"2":[1,1,1,1],"3":[1,1],"4":[2,2],"5":[1,1]},"f":{"1":2,"2":2,"3":2},"fnMap":{"1":{"name":"(anonymous_1)","line":12,"loc":{"start":{"line":12,"column":1},"end":{"line":12,"column":13}}},"2":{"name":"(anonymous_2)","line":19,"loc":{"start":{"line":19,"column":5},"end":{"line":19,"column":17}}},"3":{"name":"(anonymous_3)","line":23,"loc":{"start":{"line":23,"column":24},"end":{"line":23,"column":36}}}},"statementMap":{"1":{"start":{"line":12,"column":0},"end":{"line":53,"column":5}},"2":{"start":{"line":14,"column":4},"end":{"line":14,"column":14}},"3":{"start":{"line":19,"column":4},"end":{"line":52,"column":9}},"4":{"start":{"line":21,"column":8},"end":{"line":21,"column":19}},"5":{"start":{"line":23,"column":8},"end":{"line":35,"column":13}},"6":{"start":{"line":24,"column":12},"end":{"line":34,"column":13}},"7":{"start":{"line":25,"column":16},"end":{"line":28,"column":30}},"8":{"start":{"line":30,"column":16},"end":{"line":33,"column":27}},"9":{"start":{"line":37,"column":8},"end":{"line":39,"column":21}},"10":{"start":{"line":41,"column":8},"end":{"line":41,"column":54}},"11":{"start":{"line":43,"column":8},"end":{"line":43,"column":56}},"12":{"start":{"line":45,"column":8},"end":{"line":51,"column":9}},"13":{"start":{"line":46,"column":12},"end":{"line":46,"column":62}},"14":{"start":{"line":48,"column":12},"end":{"line":48,"column":35}},"15":{"start":{"line":49,"column":12},"end":{"line":49,"column":49}},"16":{"start":{"line":50,"column":12},"end":{"line":50,"column":43}}},"branchMap":{"1":{"line":25,"type":"binary-expr","locations":[{"start":{"line":25,"column":23},"end":{"line":25,"column":62}},{"start":{"line":26,"column":20},"end":{"line":26,"column":70}},{"start":{"line":27,"column":20},"end":{"line":27,"column":71}},{"start":{"line":28,"column":20},"end":{"line":28,"column":29}}]},"2":{"line":30,"type":"binary-expr","locations":[{"start":{"line":30,"column":23},"end":{"line":30,"column":37}},{"start":{"line":31,"column":20},"end":{"line":31,"column":61}},{"start":{"line":32,"column":20},"end":{"line":32,"column":70}},{"start":{"line":33,"column":20},"end":{"line":33,"column":26}}]},"3":{"line":37,"type":"cond-expr","locations":[{"start":{"line":38,"column":14},"end":{"line":38,"column":20}},{"start":{"line":39,"column":14},"end":{"line":39,"column":20}}]},"4":{"line":41,"type":"binary-expr","locations":[{"start":{"line":41,"column":16},"end":{"line":41,"column":44}},{"start":{"line":41,"column":48},"end":{"line":41,"column":53}}]},"5":{"line":45,"type":"if","locations":[{"start":{"line":45,"column":8},"end":{"line":45,"column":8}},{"start":{"line":45,"column":8},"end":{"line":45,"column":8}}]}},"code":["/* istanbul instrument in package npmtest_cross_spawn */","/*jslint","    bitwise: true,","    browser: true,","    maxerr: 8,","    maxlen: 96,","    node: true,","    nomen: true,","    regexp: true,","    stupid: true","*/","(function () {","    'use strict';","    var local;","","","","    // run shared js-env code - pre-init","    (function () {","        // init local","        local = {};","        // init modeJs","        local.modeJs = (function () {","            try {","                return typeof navigator.userAgent === 'string' &&","                    typeof document.querySelector('body') === 'object' &&","                    typeof XMLHttpRequest.prototype.open === 'function' &&","                    'browser';","            } catch (errorCaughtBrowser) {","                return module.exports &&","                    typeof process.versions.node === 'string' &&","                    typeof require('http').createServer === 'function' &&","                    'node';","            }","        }());","        // init global","        local.global = local.modeJs === 'browser'","            ? window","            : global;","        // init utility2_rollup","        local = local.global.utility2_rollup || local;","        // init lib","        local.local = local.npmtest_cross_spawn = local;","        // init exports","        if (local.modeJs === 'browser') {","            local.global.utility2_npmtest_cross_spawn = local;","        } else {","            module.exports = local;","            module.exports.__dirname = __dirname;","            module.exports.module = module;","        }","    }());","}());",""],"l":{"12":2,"14":2,"19":2,"21":2,"23":2,"24":2,"25":2,"30":1,"37":2,"41":2,"43":2,"45":2,"46":1,"48":1,"49":1,"50":1}},"/home/travis/build/npmtest/node-npmtest-cross-spawn/example.js":{"path":"/home/travis/build/npmtest/node-npmtest-cross-spawn/example.js","s":{"1":2,"2":2,"3":2,"4":2,"5":2,"6":2,"7":2,"8":1,"9":2,"10":2,"11":2,"12":2,"13":1,"14":2,"15":2,"16":2,"17":2,"18":2,"19":0,"20":2,"21":1,"22":1,"23":1,"24":1,"25":1,"26":0,"27":0,"28":1,"29":1,"30":2,"31":0,"32":0,"33":0,"34":1,"35":2,"36":2,"37":2,"38":2,"39":2,"40":2,"41":0,"42":2,"43":2,"44":2,"45":1,"46":3,"47":1,"48":1,"49":1,"50":1,"51":1,"52":1,"53":1,"54":1,"55":1,"56":1,"57":0,"58":1,"59":6,"60":6,"61":1,"62":2,"63":0,"64":2,"65":1,"66":1,"67":0,"68":0,"69":0,"70":0,"71":0,"72":0,"73":0,"74":0,"75":0,"76":0,"77":0,"78":0,"79":0,"80":0,"81":0,"82":0,"83":0},"b":{"1":[2,1,1,1],"2":[1,1,1,1],"3":[1,1],"4":[2,2],"5":[1,1],"6":[1,1],"7":[2,0],"8":[2,1,1,1,1,1],"9":[0,2,0],"10":[1,1],"11":[2,1,1],"12":[1,0],"13":[0,2],"14":[2,0,0,0,0,0,0],"15":[0,2],"16":[2,0],"17":[1,1],"18":[0,1],"19":[1,2,0,2],"20":[1,0],"21":[1,1],"22":[0,0],"23":[0,0],"24":[0,0],"25":[0,0],"26":[0,0],"27":[0,0],"28":[0,0]},"f":{"1":2,"2":2,"3":2,"4":2,"5":2,"6":2,"7":2,"8":2,"9":3,"10":1,"11":6,"12":0},"fnMap":{"1":{"name":"(anonymous_1)","line":26,"loc":{"start":{"line":26,"column":1},"end":{"line":26,"column":13}}},"2":{"name":"(anonymous_2)","line":33,"loc":{"start":{"line":33,"column":5},"end":{"line":33,"column":17}}},"3":{"name":"(anonymous_3)","line":37,"loc":{"start":{"line":37,"column":24},"end":{"line":37,"column":36}}},"4":{"name":"(anonymous_4)","line":69,"loc":{"start":{"line":69,"column":31},"end":{"line":69,"column":48}},"skip":true},"5":{"name":"(anonymous_5)","line":78,"loc":{"start":{"line":78,"column":26},"end":{"line":78,"column":45}},"skip":true},"6":{"name":"(anonymous_6)","line":123,"loc":{"start":{"line":123,"column":33},"end":{"line":123,"column":48}},"skip":true},"7":{"name":"(anonymous_7)","line":125,"loc":{"start":{"line":125,"column":27},"end":{"line":125,"column":39}},"skip":true},"8":{"name":"(anonymous_8)","line":133,"loc":{"start":{"line":133,"column":59},"end":{"line":133,"column":74}},"skip":true},"9":{"name":"(anonymous_9)","line":143,"loc":{"start":{"line":143,"column":45},"end":{"line":143,"column":62}},"skip":true},"10":{"name":"(anonymous_10)","line":144,"loc":{"start":{"line":144,"column":73},"end":{"line":144,"column":92}},"skip":true},"11":{"name":"(anonymous_11)","line":272,"loc":{"start":{"line":272,"column":51},"end":{"line":272,"column":77}},"skip":true},"12":{"name":"(anonymous_12)","line":314,"loc":{"start":{"line":314,"column":32},"end":{"line":314,"column":61}},"skip":true}},"statementMap":{"1":{"start":{"line":26,"column":0},"end":{"line":325,"column":5}},"2":{"start":{"line":28,"column":4},"end":{"line":28,"column":14}},"3":{"start":{"line":33,"column":4},"end":{"line":60,"column":9}},"4":{"start":{"line":35,"column":8},"end":{"line":35,"column":19}},"5":{"start":{"line":37,"column":8},"end":{"line":49,"column":13}},"6":{"start":{"line":38,"column":12},"end":{"line":48,"column":13}},"7":{"start":{"line":39,"column":16},"end":{"line":42,"column":30}},"8":{"start":{"line":44,"column":16},"end":{"line":47,"column":27}},"9":{"start":{"line":51,"column":8},"end":{"line":53,"column":21}},"10":{"start":{"line":55,"column":8},"end":{"line":57,"column":45}},"11":{"start":{"line":59,"column":8},"end":{"line":59,"column":35}},"12":{"start":{"line":61,"column":4},"end":{"line":324,"column":5}},"13":{"start":{"line":69,"column":8},"end":{"line":121,"column":10},"skip":true},"14":{"start":{"line":70,"column":12},"end":{"line":88,"column":13},"skip":true},"15":{"start":{"line":76,"column":16},"end":{"line":87,"column":19},"skip":true},"16":{"start":{"line":79,"column":20},"end":{"line":86,"column":21},"skip":true},"17":{"start":{"line":82,"column":24},"end":{"line":82,"column":43},"skip":true},"18":{"start":{"line":83,"column":24},"end":{"line":83,"column":30},"skip":true},"19":{"start":{"line":85,"column":24},"end":{"line":85,"column":49},"skip":true},"20":{"start":{"line":89,"column":12},"end":{"line":107,"column":13},"skip":true},"21":{"start":{"line":92,"column":16},"end":{"line":102,"column":17},"skip":true},"22":{"start":{"line":93,"column":20},"end":{"line":93,"column":86},"skip":true},"23":{"start":{"line":94,"column":20},"end":{"line":95,"column":45},"skip":true},"24":{"start":{"line":96,"column":20},"end":{"line":96,"column":42},"skip":true},"25":{"start":{"line":97,"column":20},"end":{"line":97,"column":48},"skip":true},"26":{"start":{"line":100,"column":20},"end":{"line":100,"column":85},"skip":true},"27":{"start":{"line":101,"column":20},"end":{"line":101,"column":96},"skip":true},"28":{"start":{"line":103,"column":16},"end":{"line":103,"column":22},"skip":true},"29":{"start":{"line":106,"column":16},"end":{"line":106,"column":22},"skip":true},"30":{"start":{"line":108,"column":12},"end":{"line":120,"column":13},"skip":true},"31":{"start":{"line":114,"column":16},"end":{"line":119,"column":17},"skip":true},"32":{"start":{"line":116,"column":20},"end":{"line":116,"column":78},"skip":true},"33":{"start":{"line":118,"column":20},"end":{"line":118,"column":53},"skip":true},"34":{"start":{"line":123,"column":8},"end":{"line":141,"column":11},"skip":true},"35":{"start":{"line":124,"column":12},"end":{"line":124,"column":54},"skip":true},"36":{"start":{"line":125,"column":12},"end":{"line":140,"column":14},"skip":true},"37":{"start":{"line":126,"column":16},"end":{"line":126,"column":28},"skip":true},"38":{"start":{"line":127,"column":16},"end":{"line":127,"column":69},"skip":true},"39":{"start":{"line":128,"column":16},"end":{"line":128,"column":75},"skip":true},"40":{"start":{"line":129,"column":16},"end":{"line":131,"column":17},"skip":true},"41":{"start":{"line":130,"column":20},"end":{"line":130,"column":27},"skip":true},"42":{"start":{"line":133,"column":16},"end":{"line":137,"column":36},"skip":true},"43":{"start":{"line":134,"column":20},"end":{"line":136,"column":55},"skip":true},"44":{"start":{"line":139,"column":16},"end":{"line":139,"column":57},"skip":true},"45":{"start":{"line":143,"column":8},"end":{"line":147,"column":11},"skip":true},"46":{"start":{"line":144,"column":12},"end":{"line":146,"column":15},"skip":true},"47":{"start":{"line":145,"column":16},"end":{"line":145,"column":70},"skip":true},"48":{"start":{"line":149,"column":8},"end":{"line":149,"column":31},"skip":true},"49":{"start":{"line":150,"column":8},"end":{"line":150,"column":14},"skip":true},"50":{"start":{"line":158,"column":8},"end":{"line":158,"column":31},"skip":true},"51":{"start":{"line":160,"column":8},"end":{"line":160,"column":33},"skip":true},"52":{"start":{"line":161,"column":8},"end":{"line":161,"column":37},"skip":true},"53":{"start":{"line":162,"column":8},"end":{"line":162,"column":35},"skip":true},"54":{"start":{"line":164,"column":8},"end":{"line":164,"column":50},"skip":true},"55":{"start":{"line":166,"column":8},"end":{"line":256,"column":2},"skip":true},"56":{"start":{"line":258,"column":8},"end":{"line":286,"column":9},"skip":true},"57":{"start":{"line":259,"column":12},"end":{"line":269,"column":14},"skip":true},"58":{"start":{"line":271,"column":12},"end":{"line":285,"column":19},"skip":true},"59":{"start":{"line":274,"column":20},"end":{"line":274,"column":35},"skip":true},"60":{"start":{"line":275,"column":20},"end":{"line":284,"column":21},"skip":true},"61":{"start":{"line":277,"column":24},"end":{"line":277,"column":64},"skip":true},"62":{"start":{"line":279,"column":24},"end":{"line":279,"column":40},"skip":true},"63":{"start":{"line":281,"column":24},"end":{"line":281,"column":40},"skip":true},"64":{"start":{"line":283,"column":24},"end":{"line":283,"column":39},"skip":true},"65":{"start":{"line":288,"column":8},"end":{"line":290,"column":9},"skip":true},"66":{"start":{"line":289,"column":12},"end":{"line":289,"column":18},"skip":true},"67":{"start":{"line":291,"column":8},"end":{"line":293,"column":54},"skip":true},"68":{"start":{"line":294,"column":8},"end":{"line":301,"column":37},"skip":true},"69":{"start":{"line":302,"column":8},"end":{"line":302,"column":82},"skip":true},"70":{"start":{"line":305,"column":8},"end":{"line":307,"column":9},"skip":true},"71":{"start":{"line":306,"column":12},"end":{"line":306,"column":82},"skip":true},"72":{"start":{"line":309,"column":8},"end":{"line":311,"column":9},"skip":true},"73":{"start":{"line":310,"column":12},"end":{"line":310,"column":18},"skip":true},"74":{"start":{"line":312,"column":8},"end":{"line":312,"column":54},"skip":true},"75":{"start":{"line":313,"column":8},"end":{"line":313,"column":69},"skip":true},"76":{"start":{"line":314,"column":8},"end":{"line":322,"column":36},"skip":true},"77":{"start":{"line":315,"column":12},"end":{"line":315,"column":61},"skip":true},"78":{"start":{"line":316,"column":12},"end":{"line":319,"column":13},"skip":true},"79":{"start":{"line":317,"column":16},"end":{"line":317,"column":75},"skip":true},"80":{"start":{"line":318,"column":16},"end":{"line":318,"column":23},"skip":true},"81":{"start":{"line":320,"column":12},"end":{"line":320,"column":38},"skip":true},"82":{"start":{"line":321,"column":12},"end":{"line":321,"column":27},"skip":true},"83":{"start":{"line":323,"column":8},"end":{"line":323,"column":14},"skip":true}},"branchMap":{"1":{"line":39,"type":"binary-expr","locations":[{"start":{"line":39,"column":23},"end":{"line":39,"column":62}},{"start":{"line":40,"column":20},"end":{"line":40,"column":70}},{"start":{"line":41,"column":20},"end":{"line":41,"column":71}},{"start":{"line":42,"column":20},"end":{"line":42,"column":29}}]},"2":{"line":44,"type":"binary-expr","locations":[{"start":{"line":44,"column":23},"end":{"line":44,"column":37}},{"start":{"line":45,"column":20},"end":{"line":45,"column":61}},{"start":{"line":46,"column":20},"end":{"line":46,"column":70}},{"start":{"line":47,"column":20},"end":{"line":47,"column":26}}]},"3":{"line":51,"type":"cond-expr","locations":[{"start":{"line":52,"column":14},"end":{"line":52,"column":20}},{"start":{"line":53,"column":14},"end":{"line":53,"column":20}}]},"4":{"line":55,"type":"binary-expr","locations":[{"start":{"line":55,"column":16},"end":{"line":55,"column":44}},{"start":{"line":55,"column":49},"end":{"line":57,"column":43}}]},"5":{"line":55,"type":"cond-expr","locations":[{"start":{"line":56,"column":14},"end":{"line":56,"column":55}},{"start":{"line":57,"column":14},"end":{"line":57,"column":43}}]},"6":{"line":61,"type":"switch","locations":[{"start":{"line":68,"column":4},"end":{"line":150,"column":14},"skip":true},{"start":{"line":156,"column":4},"end":{"line":323,"column":14},"skip":true}]},"7":{"line":70,"type":"if","locations":[{"start":{"line":70,"column":12},"end":{"line":70,"column":12},"skip":true},{"start":{"line":70,"column":12},"end":{"line":70,"column":12},"skip":true}]},"8":{"line":70,"type":"binary-expr","locations":[{"start":{"line":70,"column":16},"end":{"line":70,"column":22},"skip":true},{"start":{"line":70,"column":27},"end":{"line":70,"column":32},"skip":true},{"start":{"line":71,"column":20},"end":{"line":71,"column":39},"skip":true},{"start":{"line":72,"column":20},"end":{"line":72,"column":49},"skip":true},{"start":{"line":73,"column":20},"end":{"line":73,"column":58},"skip":true},{"start":{"line":74,"column":20},"end":{"line":74,"column":69},"skip":true}]},"9":{"line":79,"type":"switch","locations":[{"start":{"line":80,"column":20},"end":{"line":80,"column":33},"skip":true},{"start":{"line":81,"column":20},"end":{"line":83,"column":30},"skip":true},{"start":{"line":84,"column":20},"end":{"line":85,"column":49},"skip":true}]},"10":{"line":89,"type":"switch","locations":[{"start":{"line":90,"column":12},"end":{"line":103,"column":22},"skip":true},{"start":{"line":105,"column":12},"end":{"line":106,"column":22},"skip":true}]},"11":{"line":89,"type":"binary-expr","locations":[{"start":{"line":89,"column":20},"end":{"line":89,"column":25},"skip":true},{"start":{"line":89,"column":29},"end":{"line":89,"column":48},"skip":true},{"start":{"line":89,"column":52},"end":{"line":89,"column":74},"skip":true}]},"12":{"line":92,"type":"if","locations":[{"start":{"line":92,"column":16},"end":{"line":92,"column":16},"skip":true},{"start":{"line":92,"column":16},"end":{"line":92,"column":16},"skip":true}]},"13":{"line":108,"type":"if","locations":[{"start":{"line":108,"column":12},"end":{"line":108,"column":12},"skip":true},{"start":{"line":108,"column":12},"end":{"line":108,"column":12},"skip":true}]},"14":{"line":108,"type":"binary-expr","locations":[{"start":{"line":108,"column":16},"end":{"line":108,"column":61},"skip":true},{"start":{"line":108,"column":66},"end":{"line":108,"column":72},"skip":true},{"start":{"line":108,"column":77},"end":{"line":108,"column":82},"skip":true},{"start":{"line":109,"column":20},"end":{"line":109,"column":39},"skip":true},{"start":{"line":110,"column":20},"end":{"line":110,"column":49},"skip":true},{"start":{"line":111,"column":20},"end":{"line":111,"column":58},"skip":true},{"start":{"line":112,"column":20},"end":{"line":112,"column":68},"skip":true}]},"15":{"line":129,"type":"if","locations":[{"start":{"line":129,"column":16},"end":{"line":129,"column":16},"skip":true},{"start":{"line":129,"column":16},"end":{"line":129,"column":16},"skip":true}]},"16":{"line":134,"type":"cond-expr","locations":[{"start":{"line":135,"column":26},"end":{"line":135,"column":29},"skip":true},{"start":{"line":136,"column":26},"end":{"line":136,"column":54},"skip":true}]},"17":{"line":164,"type":"binary-expr","locations":[{"start":{"line":164,"column":27},"end":{"line":164,"column":43},"skip":true},{"start":{"line":164,"column":47},"end":{"line":164,"column":49},"skip":true}]},"18":{"line":258,"type":"if","locations":[{"start":{"line":258,"column":8},"end":{"line":258,"column":8},"skip":true},{"start":{"line":258,"column":8},"end":{"line":258,"column":8},"skip":true}]},"19":{"line":275,"type":"switch","locations":[{"start":{"line":276,"column":20},"end":{"line":277,"column":64},"skip":true},{"start":{"line":278,"column":20},"end":{"line":279,"column":40},"skip":true},{"start":{"line":280,"column":20},"end":{"line":281,"column":40},"skip":true},{"start":{"line":282,"column":20},"end":{"line":283,"column":39},"skip":true}]},"20":{"line":288,"type":"if","locations":[{"start":{"line":288,"column":8},"end":{"line":288,"column":8},"skip":true},{"start":{"line":288,"column":8},"end":{"line":288,"column":8},"skip":true}]},"21":{"line":288,"type":"binary-expr","locations":[{"start":{"line":288,"column":12},"end":{"line":288,"column":40},"skip":true},{"start":{"line":288,"column":44},"end":{"line":288,"column":67},"skip":true}]},"22":{"line":292,"type":"binary-expr","locations":[{"start":{"line":292,"column":12},"end":{"line":292,"column":50},"skip":true},{"start":{"line":293,"column":12},"end":{"line":293,"column":53},"skip":true}]},"23":{"line":295,"type":"binary-expr","locations":[{"start":{"line":295,"column":12},"end":{"line":295,"column":69},"skip":true},{"start":{"line":296,"column":12},"end":{"line":301,"column":36},"skip":true}]},"24":{"line":302,"type":"binary-expr","locations":[{"start":{"line":302,"column":43},"end":{"line":302,"column":75},"skip":true},{"start":{"line":302,"column":79},"end":{"line":302,"column":81},"skip":true}]},"25":{"line":305,"type":"if","locations":[{"start":{"line":305,"column":8},"end":{"line":305,"column":8},"skip":true},{"start":{"line":305,"column":8},"end":{"line":305,"column":8},"skip":true}]},"26":{"line":309,"type":"if","locations":[{"start":{"line":309,"column":8},"end":{"line":309,"column":8},"skip":true},{"start":{"line":309,"column":8},"end":{"line":309,"column":8},"skip":true}]},"27":{"line":312,"type":"binary-expr","locations":[{"start":{"line":312,"column":27},"end":{"line":312,"column":43},"skip":true},{"start":{"line":312,"column":47},"end":{"line":312,"column":53},"skip":true}]},"28":{"line":316,"type":"if","locations":[{"start":{"line":316,"column":12},"end":{"line":316,"column":12},"skip":true},{"start":{"line":316,"column":12},"end":{"line":316,"column":12},"skip":true}]}},"code":["/*","example.js","","quickstart example","","instruction","    1. save this script as example.js","    2. run the shell command:","        $ npm install npmtest-cross-spawn && PORT=8081 node example.js","    3. play with the browser-demo on http://127.0.0.1:8081","*/","","","","/* istanbul instrument in package npmtest_cross_spawn */","/*jslint","    bitwise: true,","    browser: true,","    maxerr: 8,","    maxlen: 96,","    node: true,","    nomen: true,","    regexp: true,","    stupid: true","*/","(function () {","    'use strict';","    var local;","","","","    // run shared js-env code - pre-init","    (function () {","        // init local","        local = {};","        // init modeJs","        local.modeJs = (function () {","            try {","                return typeof navigator.userAgent === 'string' &&","                    typeof document.querySelector('body') === 'object' &&","                    typeof XMLHttpRequest.prototype.open === 'function' &&","                    'browser';","            } catch (errorCaughtBrowser) {","                return module.exports &&","                    typeof process.versions.node === 'string' &&","                    typeof require('http').createServer === 'function' &&","                    'node';","            }","        }());","        // init global","        local.global = local.modeJs === 'browser'","            ? window","            : global;","        // init utility2_rollup","        local = local.global.utility2_rollup || (local.modeJs === 'browser'","            ? local.global.utility2_npmtest_cross_spawn","            : global.utility2_moduleExports);","        // export local","        local.global.local = local;","    }());","    switch (local.modeJs) {","","","","    // post-init","    // run browser js-env code - post-init","    /* istanbul ignore next */","    case 'browser':","        local.testRunBrowser = function (event) {","            if (!event || (event &&","                    event.currentTarget &&","                    event.currentTarget.className &&","                    event.currentTarget.className.includes &&","                    event.currentTarget.className.includes('onreset'))) {","                // reset output","                Array.from(","                    document.querySelectorAll('body > .resettable')","                ).forEach(function (element) {","                    switch (element.tagName) {","                    case 'INPUT':","                    case 'TEXTAREA':","                        element.value = '';","                        break;","                    default:","                        element.textContent = '';","                    }","                });","            }","            switch (event && event.currentTarget && event.currentTarget.id) {","            case 'testRunButton1':","                // show tests","                if (document.querySelector('#testReportDiv1').style.display === 'none') {","                    document.querySelector('#testReportDiv1').style.display = 'block';","                    document.querySelector('#testRunButton1').textContent =","                        'hide internal test';","                    local.modeTest = true;","                    local.testRunDefault(local);","                // hide tests","                } else {","                    document.querySelector('#testReportDiv1').style.display = 'none';","                    document.querySelector('#testRunButton1').textContent = 'run internal test';","                }","                break;","            // custom-case","            default:","                break;","            }","            if (document.querySelector('#inputTextareaEval1') && (!event || (event &&","                    event.currentTarget &&","                    event.currentTarget.className &&","                    event.currentTarget.className.includes &&","                    event.currentTarget.className.includes('oneval')))) {","                // try to eval input-code","                try {","                    /*jslint evil: true*/","                    eval(document.querySelector('#inputTextareaEval1').value);","                } catch (errorCaught) {","                    console.error(errorCaught.stack);","                }","            }","        };","        // log stderr and stdout to #outputTextareaStdout1","        ['error', 'log'].forEach(function (key) {","            console[key + '_original'] = console[key];","            console[key] = function () {","                var element;","                console[key + '_original'].apply(console, arguments);","                element = document.querySelector('#outputTextareaStdout1');","                if (!element) {","                    return;","                }","                // append text to #outputTextareaStdout1","                element.value += Array.from(arguments).map(function (arg) {","                    return typeof arg === 'string'","                        ? arg","                        : JSON.stringify(arg, null, 4);","                }).join(' ') + '\\n';","                // scroll textarea to bottom","                element.scrollTop = element.scrollHeight;","            };","        });","        // init event-handling","        ['change', 'click', 'keyup'].forEach(function (event) {","            Array.from(document.querySelectorAll('.on' + event)).forEach(function (element) {","                element.addEventListener(event, local.testRunBrowser);","            });","        });","        // run tests","        local.testRunBrowser();","        break;","","","","    // run node js-env code - post-init","    /* istanbul ignore next */","    case 'node':","        // export local","        module.exports = local;","        // require modules","        local.fs = require('fs');","        local.http = require('http');","        local.url = require('url');","        // init assets","        local.assetsDict = local.assetsDict || {};","        /* jslint-ignore-begin */","        local.assetsDict['/assets.index.template.html'] = '\\","<!doctype html>\\n\\","<html lang=\"en\">\\n\\","<head>\\n\\","<meta charset=\"UTF-8\">\\n\\","<meta name=\"viewport\" content=\"width=device-width, initial-scale=1\">\\n\\","<title>{{env.npm_package_name}} (v{{env.npm_package_version}})</title>\\n\\","<style>\\n\\","/*csslint\\n\\","    box-sizing: false,\\n\\","    universal-selector: false\\n\\","*/\\n\\","* {\\n\\","    box-sizing: border-box;\\n\\","}\\n\\","body {\\n\\","    background: #dde;\\n\\","    font-family: Arial, Helvetica, sans-serif;\\n\\","    margin: 2rem;\\n\\","}\\n\\","body > * {\\n\\","    margin-bottom: 1rem;\\n\\","}\\n\\",".utility2FooterDiv {\\n\\","    margin-top: 20px;\\n\\","    text-align: center;\\n\\","}\\n\\","</style>\\n\\","<style>\\n\\","/*csslint\\n\\","*/\\n\\","textarea {\\n\\","    font-family: monospace;\\n\\","    height: 10rem;\\n\\","    width: 100%;\\n\\","}\\n\\","textarea[readonly] {\\n\\","    background: #ddd;\\n\\","}\\n\\","</style>\\n\\","</head>\\n\\","<body>\\n\\","<!-- utility2-comment\\n\\","<div id=\"ajaxProgressDiv1\" style=\"background: #d00; height: 2px; left: 0; margin: 0; padding: 0; position: fixed; top: 0; transition: background 0.5s, width 1.5s; width: 25%;\"></div>\\n\\","utility2-comment -->\\n\\","<h1>\\n\\","<!-- utility2-comment\\n\\","    <a\\n\\","        {{#if env.npm_package_homepage}}\\n\\","        href=\"{{env.npm_package_homepage}}\"\\n\\","        {{/if env.npm_package_homepage}}\\n\\","        target=\"_blank\"\\n\\","    >\\n\\","utility2-comment -->\\n\\","        {{env.npm_package_name}} (v{{env.npm_package_version}})\\n\\","<!-- utility2-comment\\n\\","    </a>\\n\\","utility2-comment -->\\n\\","</h1>\\n\\","<h3>{{env.npm_package_description}}</h3>\\n\\","<!-- utility2-comment\\n\\","<h4><a download href=\"assets.app.js\">download standalone app</a></h4>\\n\\","<button class=\"onclick onreset\" id=\"testRunButton1\">run internal test</button><br>\\n\\","<div id=\"testReportDiv1\" style=\"display: none;\"></div>\\n\\","utility2-comment -->\\n\\","\\n\\","\\n\\","\\n\\","<label>stderr and stdout</label>\\n\\","<textarea class=\"resettable\" id=\"outputTextareaStdout1\" readonly></textarea>\\n\\","<!-- utility2-comment\\n\\","{{#if isRollup}}\\n\\","<script src=\"assets.app.js\"></script>\\n\\","{{#unless isRollup}}\\n\\","utility2-comment -->\\n\\","<script src=\"assets.utility2.rollup.js\"></script>\\n\\","<script src=\"jsonp.utility2._stateInit?callback=window.utility2._stateInit\"></script>\\n\\","<script src=\"assets.npmtest_cross_spawn.rollup.js\"></script>\\n\\","<script src=\"assets.example.js\"></script>\\n\\","<script src=\"assets.test.js\"></script>\\n\\","<!-- utility2-comment\\n\\","{{/if isRollup}}\\n\\","utility2-comment -->\\n\\","<div class=\"utility2FooterDiv\">\\n\\","    [ this app was created with\\n\\","    <a href=\"https://github.com/kaizhu256/node-utility2\" target=\"_blank\">utility2</a>\\n\\","    ]\\n\\","</div>\\n\\","</body>\\n\\","</html>\\n\\","';","        /* jslint-ignore-end */","        if (local.templateRender) {","            local.assetsDict['/'] = local.templateRender(","                local.assetsDict['/assets.index.template.html'],","                {","                    env: local.objectSetDefault(local.env, {","                        npm_package_description: 'the greatest app in the world!',","                        npm_package_name: 'my-app',","                        npm_package_nameAlias: 'my_app',","                        npm_package_version: '0.0.1'","                    })","                }","            );","        } else {","            local.assetsDict['/'] = local.assetsDict['/assets.index.template.html']","                .replace((/\\{\\{env\\.(\\w+?)\\}\\}/g), function (match0, match1) {","                    // jslint-hack","                    String(match0);","                    switch (match1) {","                    case 'npm_package_description':","                        return 'the greatest app in the world!';","                    case 'npm_package_name':","                        return 'my-app';","                    case 'npm_package_nameAlias':","                        return 'my_app';","                    case 'npm_package_version':","                        return '0.0.1';","                    }","                });","        }","        // run the cli","        if (local.global.utility2_rollup || module !== require.main) {","            break;","        }","        local.assetsDict['/assets.example.js'] =","            local.assetsDict['/assets.example.js'] ||","            local.fs.readFileSync(__filename, 'utf8');","        local.assetsDict['/assets.npmtest_cross_spawn.rollup.js'] =","            local.assetsDict['/assets.npmtest_cross_spawn.rollup.js'] ||","            local.fs.readFileSync(","                // buildCustomOrg-hack","                local.npmtest_cross_spawn.__dirname +","                    '/lib.npmtest_cross_spawn.js',","                'utf8'","            ).replace((/^#!/), '//');","        local.assetsDict['/favicon.ico'] = local.assetsDict['/favicon.ico'] || '';","        // if $npm_config_timeout_exit exists,","        // then exit this process after $npm_config_timeout_exit ms","        if (Number(process.env.npm_config_timeout_exit)) {","            setTimeout(process.exit, Number(process.env.npm_config_timeout_exit));","        }","        // start server","        if (local.global.utility2_serverHttp1) {","            break;","        }","        process.env.PORT = process.env.PORT || '8081';","        console.error('server starting on port ' + process.env.PORT);","        local.http.createServer(function (request, response) {","            request.urlParsed = local.url.parse(request.url);","            if (local.assetsDict[request.urlParsed.pathname] !== undefined) {","                response.end(local.assetsDict[request.urlParsed.pathname]);","                return;","            }","            response.statusCode = 404;","            response.end();","        }).listen(process.env.PORT);","        break;","    }","}());",""],"l":{"26":2,"28":2,"33":2,"35":2,"37":2,"38":2,"39":2,"44":1,"51":2,"55":2,"59":2,"61":2,"69":1,"70":2,"76":2,"79":2,"82":2,"83":2,"85":1,"89":2,"92":1,"93":1,"94":1,"96":1,"97":1,"100":1,"101":1,"103":1,"106":1,"108":2,"114":1,"116":1,"118":1,"123":1,"124":2,"125":2,"126":2,"127":2,"128":2,"129":2,"130":1,"133":2,"134":2,"139":2,"143":1,"144":3,"145":1,"149":1,"150":1,"158":1,"160":1,"161":1,"162":1,"164":1,"166":1,"258":1,"259":1,"271":1,"274":6,"275":6,"277":1,"279":2,"281":1,"283":2,"288":1,"289":1,"291":1,"294":1,"302":1,"305":1,"306":1,"309":1,"310":1,"312":1,"313":1,"314":1,"315":1,"316":1,"317":1,"318":1,"320":1,"321":1,"323":1}},"/home/travis/build/npmtest/node-npmtest-cross-spawn/cross-spawn/index.js":{"path":"/home/travis/build/npmtest/node-npmtest-cross-spawn/cross-spawn/index.js","s":{"1":1,"2":1,"3":1,"4":1,"5":1,"6":0,"7":0,"8":0,"9":0,"10":0,"11":0,"12":1,"13":0,"14":0,"15":0,"16":0,"17":0,"18":0,"19":0,"20":0,"21":0,"22":0,"23":1,"24":1,"25":1,"26":1,"27":1},"b":{"1":[0,0],"2":[0,0]},"f":{"1":0,"2":0},"fnMap":{"1":{"name":"spawn","line":9,"loc":{"start":{"line":9,"column":0},"end":{"line":9,"column":39}}},"2":{"name":"spawnSync","line":26,"loc":{"start":{"line":26,"column":0},"end":{"line":26,"column":43}}}},"statementMap":{"1":{"start":{"line":3,"column":0},"end":{"line":3,"column":34}},"2":{"start":{"line":4,"column":0},"end":{"line":4,"column":35}},"3":{"start":{"line":5,"column":0},"end":{"line":5,"column":37}},"4":{"start":{"line":7,"column":0},"end":{"line":7,"column":31}},"5":{"start":{"line":9,"column":0},"end":{"line":24,"column":1}},"6":{"start":{"line":10,"column":4},"end":{"line":10,"column":15}},"7":{"start":{"line":11,"column":4},"end":{"line":11,"column":16}},"8":{"start":{"line":14,"column":4},"end":{"line":14,"column":43}},"9":{"start":{"line":17,"column":4},"end":{"line":17,"column":68}},"10":{"start":{"line":21,"column":4},"end":{"line":21,"column":45}},"11":{"start":{"line":23,"column":4},"end":{"line":23,"column":19}},"12":{"start":{"line":26,"column":0},"end":{"line":52,"column":1}},"13":{"start":{"line":27,"column":4},"end":{"line":27,"column":15}},"14":{"start":{"line":28,"column":4},"end":{"line":28,"column":15}},"15":{"start":{"line":30,"column":4},"end":{"line":40,"column":5}},"16":{"start":{"line":31,"column":8},"end":{"line":39,"column":9}},"17":{"start":{"line":32,"column":12},"end":{"line":32,"column":48}},"18":{"start":{"line":34,"column":12},"end":{"line":38,"column":14}},"19":{"start":{"line":43,"column":4},"end":{"line":43,"column":43}},"20":{"start":{"line":46,"column":4},"end":{"line":46,"column":70}},"21":{"start":{"line":49,"column":4},"end":{"line":49,"column":82}},"22":{"start":{"line":51,"column":4},"end":{"line":51,"column":18}},"23":{"start":{"line":54,"column":0},"end":{"line":54,"column":23}},"24":{"start":{"line":55,"column":0},"end":{"line":55,"column":29}},"25":{"start":{"line":56,"column":0},"end":{"line":56,"column":32}},"26":{"start":{"line":58,"column":0},"end":{"line":58,"column":30}},"27":{"start":{"line":59,"column":0},"end":{"line":59,"column":32}}},"branchMap":{"1":{"line":30,"type":"if","locations":[{"start":{"line":30,"column":4},"end":{"line":30,"column":4}},{"start":{"line":30,"column":4},"end":{"line":30,"column":4}}]},"2":{"line":49,"type":"binary-expr","locations":[{"start":{"line":49,"column":19},"end":{"line":49,"column":31}},{"start":{"line":49,"column":35},"end":{"line":49,"column":81}}]}},"code":["'use strict';","","var cp = require('child_process');","var parse = require('./lib/parse');","var enoent = require('./lib/enoent');","","var cpSpawnSync = cp.spawnSync;","","function spawn(command, args, options) {","    var parsed;","    var spawned;","","    // Parse the arguments","    parsed = parse(command, args, options);","","    // Spawn the child process","    spawned = cp.spawn(parsed.command, parsed.args, parsed.options);","","    // Hook into child process \"exit\" event to emit an error if the command","    // does not exists, see: https://github.com/IndigoUnited/node-cross-spawn/issues/16","    enoent.hookChildProcess(spawned, parsed);","","    return spawned;","}","","function spawnSync(command, args, options) {","    var parsed;","    var result;","","    if (!cpSpawnSync) {","        try {","            cpSpawnSync = require('spawn-sync');  // eslint-disable-line global-require","        } catch (ex) {","            throw new Error(","                'In order to use spawnSync on node 0.10 or older, you must ' +","                'install spawn-sync:\\n\\n' +","                '  npm install spawn-sync --save'","            );","        }","    }","","    // Parse the arguments","    parsed = parse(command, args, options);","","    // Spawn the child process","    result = cpSpawnSync(parsed.command, parsed.args, parsed.options);","","    // Analyze if the command does not exists, see: https://github.com/IndigoUnited/node-cross-spawn/issues/16","    result.error = result.error || enoent.verifyENOENTSync(result.status, parsed);","","    return result;","}","","module.exports = spawn;","module.exports.spawn = spawn;","module.exports.sync = spawnSync;","","module.exports._parse = parse;","module.exports._enoent = enoent;",""],"l":{"3":1,"4":1,"5":1,"7":1,"9":1,"10":0,"11":0,"14":0,"17":0,"21":0,"23":0,"26":1,"27":0,"28":0,"30":0,"31":0,"32":0,"34":0,"43":0,"46":0,"49":0,"51":0,"54":1,"55":1,"56":1,"58":1,"59":1}},"/home/travis/build/npmtest/node-npmtest-cross-spawn/cross-spawn/lib/parse.js":{"path":"/home/travis/build/npmtest/node-npmtest-cross-spawn/cross-spawn/lib/parse.js","s":{"1":1,"2":1,"3":1,"4":1,"5":1,"6":1,"7":1,"8":1,"9":1,"10":0,"11":0,"12":0,"13":0,"14":0,"15":0,"16":0,"17":0,"18":0,"19":0,"20":0,"21":0,"22":0,"23":0,"24":0,"25":0,"26":0,"27":0,"28":0,"29":0,"30":0,"31":0,"32":1,"33":0,"34":0,"35":0,"36":0,"37":0,"38":0,"39":0,"40":0,"41":0,"42":0,"43":0,"44":0,"45":0,"46":0,"47":0,"48":1,"49":0,"50":0,"51":0,"52":0,"53":0,"54":0,"55":0,"56":0,"57":1},"b":{"1":[1,0,0],"2":[0,0],"3":[0,0],"4":[0,0],"5":[0,0],"6":[0,0],"7":[0,0],"8":[0,0],"9":[0,0],"10":[0,0],"11":[0,0],"12":[0,0],"13":[0,0],"14":[0,0],"15":[0,0],"16":[0,0],"17":[0,0],"18":[0,0],"19":[0,0],"20":[0,0],"21":[0,0],"22":[0,0]},"f":{"1":0,"2":0,"3":0,"4":0},"fnMap":{"1":{"name":"parseNonShell","line":16,"loc":{"start":{"line":16,"column":0},"end":{"line":16,"column":31}}},"2":{"name":"(anonymous_2)","line":43,"loc":{"start":{"line":43,"column":38},"end":{"line":43,"column":53}}},"3":{"name":"parseShell","line":56,"loc":{"start":{"line":56,"column":0},"end":{"line":56,"column":28}}},"4":{"name":"parse","line":88,"loc":{"start":{"line":88,"column":0},"end":{"line":88,"column":39}}}},"statementMap":{"1":{"start":{"line":3,"column":0},"end":{"line":3,"column":54}},"2":{"start":{"line":4,"column":0},"end":{"line":4,"column":64}},"3":{"start":{"line":5,"column":0},"end":{"line":5,"column":54}},"4":{"start":{"line":6,"column":0},"end":{"line":6,"column":52}},"5":{"start":{"line":7,"column":0},"end":{"line":7,"column":48}},"6":{"start":{"line":9,"column":0},"end":{"line":9,"column":41}},"7":{"start":{"line":10,"column":0},"end":{"line":10,"column":40}},"8":{"start":{"line":13,"column":0},"end":{"line":14,"column":123}},"9":{"start":{"line":16,"column":0},"end":{"line":54,"column":1}},"10":{"start":{"line":17,"column":4},"end":{"line":17,"column":16}},"11":{"start":{"line":18,"column":4},"end":{"line":18,"column":19}},"12":{"start":{"line":19,"column":4},"end":{"line":19,"column":20}},"13":{"start":{"line":21,"column":4},"end":{"line":23,"column":5}},"14":{"start":{"line":22,"column":8},"end":{"line":22,"column":22}},"15":{"start":{"line":26,"column":4},"end":{"line":26,"column":49}},"16":{"start":{"line":27,"column":4},"end":{"line":27,"column":70}},"17":{"start":{"line":28,"column":4},"end":{"line":28,"column":54}},"18":{"start":{"line":30,"column":4},"end":{"line":36,"column":5}},"19":{"start":{"line":31,"column":8},"end":{"line":31,"column":41}},"20":{"start":{"line":32,"column":8},"end":{"line":32,"column":33}},"21":{"start":{"line":33,"column":8},"end":{"line":33,"column":124}},"22":{"start":{"line":35,"column":8},"end":{"line":35,"column":79}},"23":{"start":{"line":39,"column":4},"end":{"line":51,"column":5}},"24":{"start":{"line":41,"column":8},"end":{"line":41,"column":50}},"25":{"start":{"line":42,"column":8},"end":{"line":42,"column":55}},"26":{"start":{"line":43,"column":8},"end":{"line":45,"column":11}},"27":{"start":{"line":44,"column":12},"end":{"line":44,"column":52}},"28":{"start":{"line":48,"column":8},"end":{"line":48,"column":127}},"29":{"start":{"line":49,"column":8},"end":{"line":49,"column":58}},"30":{"start":{"line":50,"column":8},"end":{"line":50,"column":55}},"31":{"start":{"line":53,"column":4},"end":{"line":53,"column":18}},"32":{"start":{"line":56,"column":0},"end":{"line":84,"column":1}},"33":{"start":{"line":57,"column":4},"end":{"line":57,"column":21}},"34":{"start":{"line":60,"column":4},"end":{"line":62,"column":5}},"35":{"start":{"line":61,"column":8},"end":{"line":61,"column":22}},"36":{"start":{"line":65,"column":4},"end":{"line":65,"column":66}},"37":{"start":{"line":67,"column":4},"end":{"line":81,"column":5}},"38":{"start":{"line":68,"column":8},"end":{"line":68,"column":124}},"39":{"start":{"line":69,"column":8},"end":{"line":69,"column":67}},"40":{"start":{"line":70,"column":8},"end":{"line":70,"column":55}},"41":{"start":{"line":72,"column":8},"end":{"line":78,"column":9}},"42":{"start":{"line":73,"column":12},"end":{"line":73,"column":50}},"43":{"start":{"line":74,"column":15},"end":{"line":78,"column":9}},"44":{"start":{"line":75,"column":12},"end":{"line":75,"column":46}},"45":{"start":{"line":77,"column":12},"end":{"line":77,"column":39}},"46":{"start":{"line":80,"column":8},"end":{"line":80,"column":43}},"47":{"start":{"line":83,"column":4},"end":{"line":83,"column":18}},"48":{"start":{"line":88,"column":0},"end":{"line":111,"column":1}},"49":{"start":{"line":89,"column":4},"end":{"line":89,"column":15}},"50":{"start":{"line":92,"column":4},"end":{"line":95,"column":5}},"51":{"start":{"line":93,"column":8},"end":{"line":93,"column":23}},"52":{"start":{"line":94,"column":8},"end":{"line":94,"column":20}},"53":{"start":{"line":97,"column":4},"end":{"line":97,"column":37}},"54":{"start":{"line":98,"column":4},"end":{"line":98,"column":28}},"55":{"start":{"line":101,"column":4},"end":{"line":107,"column":6}},"56":{"start":{"line":110,"column":4},"end":{"line":110,"column":70}},"57":{"start":{"line":113,"column":0},"end":{"line":113,"column":23}}},"branchMap":{"1":{"line":13,"type":"binary-expr","locations":[{"start":{"line":13,"column":26},"end":{"line":13,"column":84}},{"start":{"line":14,"column":1},"end":{"line":14,"column":60}},{"start":{"line":14,"column":64},"end":{"line":14,"column":122}}]},"2":{"line":21,"type":"if","locations":[{"start":{"line":21,"column":4},"end":{"line":21,"column":4}},{"start":{"line":21,"column":4},"end":{"line":21,"column":4}}]},"3":{"line":27,"type":"binary-expr","locations":[{"start":{"line":27,"column":18},"end":{"line":27,"column":29}},{"start":{"line":27,"column":33},"end":{"line":27,"column":69}}]},"4":{"line":28,"type":"binary-expr","locations":[{"start":{"line":28,"column":14},"end":{"line":28,"column":25}},{"start":{"line":28,"column":29},"end":{"line":28,"column":53}}]},"5":{"line":30,"type":"if","locations":[{"start":{"line":30,"column":4},"end":{"line":30,"column":4}},{"start":{"line":30,"column":4},"end":{"line":30,"column":4}}]},"6":{"line":33,"type":"binary-expr","locations":[{"start":{"line":33,"column":21},"end":{"line":33,"column":40}},{"start":{"line":33,"column":44},"end":{"line":33,"column":123}}]},"7":{"line":33,"type":"binary-expr","locations":[{"start":{"line":33,"column":66},"end":{"line":33,"column":89}},{"start":{"line":33,"column":93},"end":{"line":33,"column":122}}]},"8":{"line":35,"type":"binary-expr","locations":[{"start":{"line":35,"column":21},"end":{"line":35,"column":40}},{"start":{"line":35,"column":44},"end":{"line":35,"column":78}}]},"9":{"line":39,"type":"if","locations":[{"start":{"line":39,"column":4},"end":{"line":39,"column":4}},{"start":{"line":39,"column":4},"end":{"line":39,"column":4}}]},"10":{"line":48,"type":"cond-expr","locations":[{"start":{"line":48,"column":86},"end":{"line":48,"column":113}},{"start":{"line":48,"column":116},"end":{"line":48,"column":118}}]},"11":{"line":49,"type":"binary-expr","locations":[{"start":{"line":49,"column":25},"end":{"line":49,"column":44}},{"start":{"line":49,"column":48},"end":{"line":49,"column":57}}]},"12":{"line":60,"type":"if","locations":[{"start":{"line":60,"column":4},"end":{"line":60,"column":4}},{"start":{"line":60,"column":4},"end":{"line":60,"column":4}}]},"13":{"line":67,"type":"if","locations":[{"start":{"line":67,"column":4},"end":{"line":67,"column":4}},{"start":{"line":67,"column":4},"end":{"line":67,"column":4}}]},"14":{"line":68,"type":"cond-expr","locations":[{"start":{"line":68,"column":68},"end":{"line":68,"column":88}},{"start":{"line":68,"column":91},"end":{"line":68,"column":123}}]},"15":{"line":68,"type":"binary-expr","locations":[{"start":{"line":68,"column":91},"end":{"line":68,"column":110}},{"start":{"line":68,"column":114},"end":{"line":68,"column":123}}]},"16":{"line":72,"type":"if","locations":[{"start":{"line":72,"column":8},"end":{"line":72,"column":8}},{"start":{"line":72,"column":8},"end":{"line":72,"column":8}}]},"17":{"line":74,"type":"if","locations":[{"start":{"line":74,"column":15},"end":{"line":74,"column":15}},{"start":{"line":74,"column":15},"end":{"line":74,"column":15}}]},"18":{"line":92,"type":"if","locations":[{"start":{"line":92,"column":4},"end":{"line":92,"column":4}},{"start":{"line":92,"column":4},"end":{"line":92,"column":4}}]},"19":{"line":92,"type":"binary-expr","locations":[{"start":{"line":92,"column":8},"end":{"line":92,"column":12}},{"start":{"line":92,"column":16},"end":{"line":92,"column":36}}]},"20":{"line":97,"type":"cond-expr","locations":[{"start":{"line":97,"column":18},"end":{"line":97,"column":31}},{"start":{"line":97,"column":34},"end":{"line":97,"column":36}}]},"21":{"line":98,"type":"binary-expr","locations":[{"start":{"line":98,"column":14},"end":{"line":98,"column":21}},{"start":{"line":98,"column":25},"end":{"line":98,"column":27}}]},"22":{"line":110,"type":"cond-expr","locations":[{"start":{"line":110,"column":27},"end":{"line":110,"column":45}},{"start":{"line":110,"column":48},"end":{"line":110,"column":69}}]}},"code":["'use strict';","","var resolveCommand = require('./util/resolveCommand');","var hasEmptyArgumentBug = require('./util/hasEmptyArgumentBug');","var escapeArgument = require('./util/escapeArgument');","var escapeCommand = require('./util/escapeCommand');","var readShebang = require('./util/readShebang');","","var isWin = process.platform === 'win32';","var skipShellRegExp = /\\.(?:com|exe)$/i;","","// Supported in Node >= 6 and >= 4.8","var supportsShellOption = parseInt(process.version.substr(1).split('.')[0], 10) >= 6 ||"," parseInt(process.version.substr(1).split('.')[0], 10) === 4 && parseInt(process.version.substr(1).split('.')[1], 10) >= 8;","","function parseNonShell(parsed) {","    var shebang;","    var needsShell;","    var applyQuotes;","","    if (!isWin) {","        return parsed;","    }","","    // Detect & add support for shebangs","    parsed.file = resolveCommand(parsed.command);","    parsed.file = parsed.file || resolveCommand(parsed.command, true);","    shebang = parsed.file && readShebang(parsed.file);","","    if (shebang) {","        parsed.args.unshift(parsed.file);","        parsed.command = shebang;","        needsShell = hasEmptyArgumentBug || !skipShellRegExp.test(resolveCommand(shebang) || resolveCommand(shebang, true));","    } else {","        needsShell = hasEmptyArgumentBug || !skipShellRegExp.test(parsed.file);","    }","","    // If a shell is required, use cmd.exe and take care of escaping everything correctly","    if (needsShell) {","        // Escape command & arguments","        applyQuotes = (parsed.command !== 'echo');  // Do not quote arguments for the special \"echo\" command","        parsed.command = escapeCommand(parsed.command);","        parsed.args = parsed.args.map(function (arg) {","            return escapeArgument(arg, applyQuotes);","        });","","        // Make use of cmd.exe","        parsed.args = ['/d', '/s', '/c', '\"' + parsed.command + (parsed.args.length ? ' ' + parsed.args.join(' ') : '') + '\"'];","        parsed.command = process.env.comspec || 'cmd.exe';","        parsed.options.windowsVerbatimArguments = true;  // Tell node's spawn that the arguments are already escaped","    }","","    return parsed;","}","","function parseShell(parsed) {","    var shellCommand;","","    // If node supports the shell option, there's no need to mimic its behavior","    if (supportsShellOption) {","        return parsed;","    }","","    // Mimic node shell option, see: https://github.com/nodejs/node/blob/b9f6a2dc059a1062776133f3d4fd848c4da7d150/lib/child_process.js#L335","    shellCommand = [parsed.command].concat(parsed.args).join(' ');","","    if (isWin) {","        parsed.command = typeof parsed.options.shell === 'string' ? parsed.options.shell : process.env.comspec || 'cmd.exe';","        parsed.args = ['/d', '/s', '/c', '\"' + shellCommand + '\"'];","        parsed.options.windowsVerbatimArguments = true;  // Tell node's spawn that the arguments are already escaped","    } else {","        if (typeof parsed.options.shell === 'string') {","            parsed.command = parsed.options.shell;","        } else if (process.platform === 'android') {","            parsed.command = '/system/bin/sh';","        } else {","            parsed.command = '/bin/sh';","        }","","        parsed.args = ['-c', shellCommand];","    }","","    return parsed;","}","","// ------------------------------------------------","","function parse(command, args, options) {","    var parsed;","","    // Normalize arguments, similar to nodejs","    if (args && !Array.isArray(args)) {","        options = args;","        args = null;","    }","","    args = args ? args.slice(0) : [];  // Clone array to avoid changing the original","    options = options || {};","","    // Build our parsed object","    parsed = {","        command: command,","        args: args,","        options: options,","        file: undefined,","        original: command,","    };","","    // Delegate further parsing to shell or non-shell","    return options.shell ? parseShell(parsed) : parseNonShell(parsed);","}","","module.exports = parse;",""],"l":{"3":1,"4":1,"5":1,"6":1,"7":1,"9":1,"10":1,"13":1,"16":1,"17":0,"18":0,"19":0,"21":0,"22":0,"26":0,"27":0,"28":0,"30":0,"31":0,"32":0,"33":0,"35":0,"39":0,"41":0,"42":0,"43":0,"44":0,"48":0,"49":0,"50":0,"53":0,"56":1,"57":0,"60":0,"61":0,"65":0,"67":0,"68":0,"69":0,"70":0,"72":0,"73":0,"74":0,"75":0,"77":0,"80":0,"83":0,"88":1,"89":0,"92":0,"93":0,"94":0,"97":0,"98":0,"101":0,"110":0,"113":1}},"/home/travis/build/npmtest/node-npmtest-cross-spawn/cross-spawn/lib/util/resolveCommand.js":{"path":"/home/travis/build/npmtest/node-npmtest-cross-spawn/cross-spawn/lib/util/resolveCommand.js","s":{"1":1,"2":1,"3":1,"4":1,"5":1,"6":0,"7":0,"8":0,"9":0,"10":0,"11":0,"12":0,"13":0,"14":0,"15":1},"b":{"1":[0,0],"2":[0,0],"3":[0,0]},"f":{"1":0},"fnMap":{"1":{"name":"resolveCommand","line":9,"loc":{"start":{"line":9,"column":0},"end":{"line":9,"column":46}}}},"statementMap":{"1":{"start":{"line":3,"column":0},"end":{"line":3,"column":27}},"2":{"start":{"line":4,"column":0},"end":{"line":4,"column":29}},"3":{"start":{"line":5,"column":0},"end":{"line":5,"column":31}},"4":{"start":{"line":7,"column":0},"end":{"line":7,"column":59}},"5":{"start":{"line":9,"column":0},"end":{"line":29,"column":1}},"6":{"start":{"line":10,"column":4},"end":{"line":10,"column":17}},"7":{"start":{"line":12,"column":4},"end":{"line":12,"column":32}},"8":{"start":{"line":13,"column":4},"end":{"line":13,"column":61}},"9":{"start":{"line":16,"column":4},"end":{"line":18,"column":5}},"10":{"start":{"line":17,"column":8},"end":{"line":17,"column":41}},"11":{"start":{"line":20,"column":4},"end":{"line":24,"column":31}},"12":{"start":{"line":21,"column":8},"end":{"line":23,"column":91}},"13":{"start":{"line":26,"column":4},"end":{"line":26,"column":60}},"14":{"start":{"line":28,"column":4},"end":{"line":28,"column":20}},"15":{"start":{"line":31,"column":0},"end":{"line":31,"column":32}}},"branchMap":{"1":{"line":16,"type":"if","locations":[{"start":{"line":16,"column":4},"end":{"line":16,"column":4}},{"start":{"line":16,"column":4},"end":{"line":16,"column":4}}]},"2":{"line":21,"type":"cond-expr","locations":[{"start":{"line":22,"column":12},"end":{"line":22,"column":31}},{"start":{"line":23,"column":12},"end":{"line":23,"column":90}}]},"3":{"line":23,"type":"binary-expr","locations":[{"start":{"line":23,"column":61},"end":{"line":23,"column":80}},{"start":{"line":23,"column":84},"end":{"line":23,"column":86}}]}},"code":["'use strict';","","var path = require('path');","var which = require('which');","var LRU = require('lru-cache');","","var commandCache = new LRU({ max: 50, maxAge: 30 * 1000 });  // Cache just for 30sec","","function resolveCommand(command, noExtension) {","    var resolved;","","    noExtension = !!noExtension;","    resolved = commandCache.get(command + '!' + noExtension);","","    // Check if its resolved in the cache","    if (commandCache.has(command)) {","        return commandCache.get(command);","    }","","    try {","        resolved = !noExtension ?","            which.sync(command) :","            which.sync(command, { pathExt: path.delimiter + (process.env.PATHEXT || '') });","    } catch (e) { /* empty */ }","","    commandCache.set(command + '!' + noExtension, resolved);","","    return resolved;","}","","module.exports = resolveCommand;",""],"l":{"3":1,"4":1,"5":1,"7":1,"9":1,"10":0,"12":0,"13":0,"16":0,"17":0,"20":0,"21":0,"26":0,"28":0,"31":1}},"/home/travis/build/npmtest/node-npmtest-cross-spawn/cross-spawn/lib/util/hasEmptyArgumentBug.js":{"path":"/home/travis/build/npmtest/node-npmtest-cross-spawn/cross-spawn/lib/util/hasEmptyArgumentBug.js","s":{"1":1,"2":1,"3":1,"4":1,"5":0,"6":0,"7":0,"8":1},"b":{"1":[1,0],"2":[0,0]},"f":{"1":1,"2":0},"fnMap":{"1":{"name":"hasEmptyArgumentBug","line":4,"loc":{"start":{"line":4,"column":0},"end":{"line":4,"column":31}}},"2":{"name":"(anonymous_2)","line":11,"loc":{"start":{"line":11,"column":55},"end":{"line":11,"column":70}}}},"statementMap":{"1":{"start":{"line":4,"column":0},"end":{"line":16,"column":1}},"2":{"start":{"line":5,"column":4},"end":{"line":5,"column":16}},"3":{"start":{"line":7,"column":4},"end":{"line":9,"column":5}},"4":{"start":{"line":8,"column":8},"end":{"line":8,"column":21}},"5":{"start":{"line":11,"column":4},"end":{"line":13,"column":7}},"6":{"start":{"line":12,"column":8},"end":{"line":12,"column":33}},"7":{"start":{"line":15,"column":4},"end":{"line":15,"column":49}},"8":{"start":{"line":18,"column":0},"end":{"line":18,"column":39}}},"branchMap":{"1":{"line":7,"type":"if","locations":[{"start":{"line":7,"column":4},"end":{"line":7,"column":4}},{"start":{"line":7,"column":4},"end":{"line":7,"column":4}}]},"2":{"line":15,"type":"binary-expr","locations":[{"start":{"line":15,"column":12},"end":{"line":15,"column":28}},{"start":{"line":15,"column":32},"end":{"line":15,"column":47}}]}},"code":["'use strict';","","// See: https://github.com/IndigoUnited/node-cross-spawn/pull/34#issuecomment-221623455","function hasEmptyArgumentBug() {","    var nodeVer;","","    if (process.platform !== 'win32') {","        return false;","    }","","    nodeVer = process.version.substr(1).split('.').map(function (num) {","        return parseInt(num, 10);","    });","","    return (nodeVer[0] === 0 && nodeVer[1] < 12);","}","","module.exports = hasEmptyArgumentBug();",""],"l":{"4":1,"5":1,"7":1,"8":1,"11":0,"12":0,"15":0,"18":1}},"/home/travis/build/npmtest/node-npmtest-cross-spawn/cross-spawn/lib/util/escapeArgument.js":{"path":"/home/travis/build/npmtest/node-npmtest-cross-spawn/cross-spawn/lib/util/escapeArgument.js","s":{"1":1,"2":0,"3":0,"4":0,"5":0,"6":0,"7":0,"8":0,"9":1},"b":{"1":[0,0]},"f":{"1":0},"fnMap":{"1":{"name":"escapeArgument","line":3,"loc":{"start":{"line":3,"column":0},"end":{"line":3,"column":36}}}},"statementMap":{"1":{"start":{"line":3,"column":0},"end":{"line":28,"column":1}},"2":{"start":{"line":5,"column":4},"end":{"line":5,"column":19}},"3":{"start":{"line":9,"column":4},"end":{"line":25,"column":5}},"4":{"start":{"line":10,"column":8},"end":{"line":10,"column":57}},"5":{"start":{"line":14,"column":8},"end":{"line":14,"column":48}},"6":{"start":{"line":19,"column":8},"end":{"line":19,"column":44}},"7":{"start":{"line":24,"column":8},"end":{"line":24,"column":30}},"8":{"start":{"line":27,"column":4},"end":{"line":27,"column":15}},"9":{"start":{"line":30,"column":0},"end":{"line":30,"column":32}}},"branchMap":{"1":{"line":9,"type":"if","locations":[{"start":{"line":9,"column":4},"end":{"line":9,"column":4}},{"start":{"line":9,"column":4},"end":{"line":9,"column":4}}]}},"code":["'use strict';","","function escapeArgument(arg, quote) {","    // Convert to string","    arg = '' + arg;","","    // If we are not going to quote the argument,","    // escape shell metacharacters, including double and single quotes:","    if (!quote) {","        arg = arg.replace(/([()%!^<>&|;,\"'\\s])/g, '^$1');","    } else {","        // Sequence of backslashes followed by a double quote:","        // double up all the backslashes and escape the double quote","        arg = arg.replace(/(\\\\*)\"/g, '$1$1\\\\\"');","","        // Sequence of backslashes followed by the end of the string","        // (which will become a double quote later):","        // double up all the backslashes","        arg = arg.replace(/(\\\\*)$/, '$1$1');","","        // All other backslashes occur literally","","        // Quote the whole thing:","        arg = '\"' + arg + '\"';","    }","","    return arg;","}","","module.exports = escapeArgument;",""],"l":{"3":1,"5":0,"9":0,"10":0,"14":0,"19":0,"24":0,"27":0,"30":1}},"/home/travis/build/npmtest/node-npmtest-cross-spawn/cross-spawn/lib/util/escapeCommand.js":{"path":"/home/travis/build/npmtest/node-npmtest-cross-spawn/cross-spawn/lib/util/escapeCommand.js","s":{"1":1,"2":1,"3":0,"4":1},"b":{"1":[0,0]},"f":{"1":0},"fnMap":{"1":{"name":"escapeCommand","line":5,"loc":{"start":{"line":5,"column":0},"end":{"line":5,"column":32}}}},"statementMap":{"1":{"start":{"line":3,"column":0},"end":{"line":3,"column":49}},"2":{"start":{"line":5,"column":0},"end":{"line":10,"column":1}},"3":{"start":{"line":9,"column":4},"end":{"line":9,"column":84}},"4":{"start":{"line":12,"column":0},"end":{"line":12,"column":31}}},"branchMap":{"1":{"line":9,"type":"cond-expr","locations":[{"start":{"line":9,"column":44},"end":{"line":9,"column":51}},{"start":{"line":9,"column":54},"end":{"line":9,"column":83}}]}},"code":["'use strict';","","var escapeArgument = require('./escapeArgument');","","function escapeCommand(command) {","    // Do not escape if this command is not dangerous..","    // We do this so that commands like \"echo\" or \"ifconfig\" work","    // Quoting them, will make them unaccessible","    return /^[a-z0-9_-]+$/i.test(command) ? command : escapeArgument(command, true);","}","","module.exports = escapeCommand;",""],"l":{"3":1,"5":1,"9":0,"12":1}},"/home/travis/build/npmtest/node-npmtest-cross-spawn/cross-spawn/lib/util/readShebang.js":{"path":"/home/travis/build/npmtest/node-npmtest-cross-spawn/cross-spawn/lib/util/readShebang.js","s":{"1":1,"2":1,"3":1,"4":1,"5":1,"6":0,"7":0,"8":0,"9":0,"10":0,"11":0,"12":0,"13":0,"14":0,"15":0,"16":0,"17":0,"18":0,"19":1},"b":{"1":[0,0]},"f":{"1":0},"fnMap":{"1":{"name":"readShebang","line":9,"loc":{"start":{"line":9,"column":0},"end":{"line":9,"column":30}}}},"statementMap":{"1":{"start":{"line":3,"column":0},"end":{"line":3,"column":23}},"2":{"start":{"line":4,"column":0},"end":{"line":4,"column":31}},"3":{"start":{"line":5,"column":0},"end":{"line":5,"column":48}},"4":{"start":{"line":7,"column":0},"end":{"line":7,"column":59}},"5":{"start":{"line":9,"column":0},"end":{"line":35,"column":1}},"6":{"start":{"line":10,"column":4},"end":{"line":10,"column":15}},"7":{"start":{"line":11,"column":4},"end":{"line":11,"column":11}},"8":{"start":{"line":12,"column":4},"end":{"line":12,"column":16}},"9":{"start":{"line":15,"column":4},"end":{"line":17,"column":5}},"10":{"start":{"line":16,"column":8},"end":{"line":16,"column":41}},"11":{"start":{"line":20,"column":4},"end":{"line":20,"column":29}},"12":{"start":{"line":22,"column":4},"end":{"line":26,"column":31}},"13":{"start":{"line":23,"column":8},"end":{"line":23,"column":39}},"14":{"start":{"line":24,"column":8},"end":{"line":24,"column":43}},"15":{"start":{"line":25,"column":8},"end":{"line":25,"column":25}},"16":{"start":{"line":29,"column":4},"end":{"line":29,"column":48}},"17":{"start":{"line":32,"column":4},"end":{"line":32,"column":39}},"18":{"start":{"line":34,"column":4},"end":{"line":34,"column":19}},"19":{"start":{"line":37,"column":0},"end":{"line":37,"column":29}}},"branchMap":{"1":{"line":15,"type":"if","locations":[{"start":{"line":15,"column":4},"end":{"line":15,"column":4}},{"start":{"line":15,"column":4},"end":{"line":15,"column":4}}]}},"code":["'use strict';","","var fs = require('fs');","var LRU = require('lru-cache');","var shebangCommand = require('shebang-command');","","var shebangCache = new LRU({ max: 50, maxAge: 30 * 1000 });  // Cache just for 30sec","","function readShebang(command) {","    var buffer;","    var fd;","    var shebang;","","    // Check if it is in the cache first","    if (shebangCache.has(command)) {","        return shebangCache.get(command);","    }","","    // Read the first 150 bytes from the file","    buffer = new Buffer(150);","","    try {","        fd = fs.openSync(command, 'r');","        fs.readSync(fd, buffer, 0, 150, 0);","        fs.closeSync(fd);","    } catch (e) { /* empty */ }","","    // Attempt to extract shebang (null is returned if not a shebang)","    shebang = shebangCommand(buffer.toString());","","    // Store the shebang in the cache","    shebangCache.set(command, shebang);","","    return shebang;","}","","module.exports = readShebang;",""],"l":{"3":1,"4":1,"5":1,"7":1,"9":1,"10":0,"11":0,"12":0,"15":0,"16":0,"20":0,"22":0,"23":0,"24":0,"25":0,"29":0,"32":0,"34":0,"37":1}},"/home/travis/build/npmtest/node-npmtest-cross-spawn/cross-spawn/lib/enoent.js":{"path":"/home/travis/build/npmtest/node-npmtest-cross-spawn/cross-spawn/lib/enoent.js","s":{"1":1,"2":1,"3":1,"4":1,"5":0,"6":0,"7":0,"8":0,"9":0,"10":1,"11":0,"12":0,"13":0,"14":0,"15":0,"16":0,"17":0,"18":0,"19":0,"20":0,"21":0,"22":1,"23":0,"24":0,"25":0,"26":1,"27":0,"28":0,"29":0,"30":0,"31":0,"32":0,"33":0,"34":1,"35":1,"36":1,"37":1},"b":{"1":[0,0],"2":[0,0],"3":[0,0],"4":[0,0],"5":[0,0,0],"6":[0,0],"7":[0,0,0],"8":[0,0],"9":[0,0],"10":[0,0],"11":[0,0]},"f":{"1":0,"2":0,"3":0,"4":0,"5":0},"fnMap":{"1":{"name":"notFoundError","line":8,"loc":{"start":{"line":8,"column":0},"end":{"line":8,"column":41}}},"2":{"name":"hookChildProcess","line":18,"loc":{"start":{"line":18,"column":0},"end":{"line":18,"column":38}}},"3":{"name":"(anonymous_3)","line":26,"loc":{"start":{"line":26,"column":14},"end":{"line":26,"column":36}}},"4":{"name":"verifyENOENT","line":44,"loc":{"start":{"line":44,"column":0},"end":{"line":44,"column":38}}},"5":{"name":"verifyENOENTSync","line":52,"loc":{"start":{"line":52,"column":0},"end":{"line":52,"column":42}}}},"statementMap":{"1":{"start":{"line":3,"column":0},"end":{"line":3,"column":41}},"2":{"start":{"line":4,"column":0},"end":{"line":4,"column":54}},"3":{"start":{"line":6,"column":0},"end":{"line":6,"column":55}},"4":{"start":{"line":8,"column":0},"end":{"line":16,"column":1}},"5":{"start":{"line":9,"column":4},"end":{"line":9,"column":12}},"6":{"start":{"line":11,"column":4},"end":{"line":11,"column":57}},"7":{"start":{"line":12,"column":4},"end":{"line":12,"column":36}},"8":{"start":{"line":13,"column":4},"end":{"line":13,"column":42}},"9":{"start":{"line":15,"column":4},"end":{"line":15,"column":15}},"10":{"start":{"line":18,"column":0},"end":{"line":42,"column":1}},"11":{"start":{"line":19,"column":4},"end":{"line":19,"column":21}},"12":{"start":{"line":21,"column":4},"end":{"line":23,"column":5}},"13":{"start":{"line":22,"column":8},"end":{"line":22,"column":15}},"14":{"start":{"line":25,"column":4},"end":{"line":25,"column":27}},"15":{"start":{"line":26,"column":4},"end":{"line":41,"column":6}},"16":{"start":{"line":27,"column":8},"end":{"line":27,"column":16}},"17":{"start":{"line":32,"column":8},"end":{"line":38,"column":9}},"18":{"start":{"line":33,"column":12},"end":{"line":33,"column":54}},"19":{"start":{"line":35,"column":12},"end":{"line":37,"column":13}},"20":{"start":{"line":36,"column":16},"end":{"line":36,"column":59}},"21":{"start":{"line":40,"column":8},"end":{"line":40,"column":49}},"22":{"start":{"line":44,"column":0},"end":{"line":50,"column":1}},"23":{"start":{"line":45,"column":4},"end":{"line":47,"column":5}},"24":{"start":{"line":46,"column":8},"end":{"line":46,"column":55}},"25":{"start":{"line":49,"column":4},"end":{"line":49,"column":16}},"26":{"start":{"line":52,"column":0},"end":{"line":68,"column":1}},"27":{"start":{"line":53,"column":4},"end":{"line":55,"column":5}},"28":{"start":{"line":54,"column":8},"end":{"line":54,"column":59}},"29":{"start":{"line":59,"column":4},"end":{"line":65,"column":5}},"30":{"start":{"line":60,"column":8},"end":{"line":60,"column":76}},"31":{"start":{"line":62,"column":8},"end":{"line":64,"column":9}},"32":{"start":{"line":63,"column":12},"end":{"line":63,"column":63}},"33":{"start":{"line":67,"column":4},"end":{"line":67,"column":16}},"34":{"start":{"line":70,"column":0},"end":{"line":70,"column":51}},"35":{"start":{"line":71,"column":0},"end":{"line":71,"column":43}},"36":{"start":{"line":72,"column":0},"end":{"line":72,"column":51}},"37":{"start":{"line":73,"column":0},"end":{"line":73,"column":45}}},"branchMap":{"1":{"line":21,"type":"if","locations":[{"start":{"line":21,"column":4},"end":{"line":21,"column":4}},{"start":{"line":21,"column":4},"end":{"line":21,"column":4}}]},"2":{"line":32,"type":"if","locations":[{"start":{"line":32,"column":8},"end":{"line":32,"column":8}},{"start":{"line":32,"column":8},"end":{"line":32,"column":8}}]},"3":{"line":35,"type":"if","locations":[{"start":{"line":35,"column":12},"end":{"line":35,"column":12}},{"start":{"line":35,"column":12},"end":{"line":35,"column":12}}]},"4":{"line":45,"type":"if","locations":[{"start":{"line":45,"column":4},"end":{"line":45,"column":4}},{"start":{"line":45,"column":4},"end":{"line":45,"column":4}}]},"5":{"line":45,"type":"binary-expr","locations":[{"start":{"line":45,"column":8},"end":{"line":45,"column":13}},{"start":{"line":45,"column":17},"end":{"line":45,"column":29}},{"start":{"line":45,"column":33},"end":{"line":45,"column":45}}]},"6":{"line":53,"type":"if","locations":[{"start":{"line":53,"column":4},"end":{"line":53,"column":4}},{"start":{"line":53,"column":4},"end":{"line":53,"column":4}}]},"7":{"line":53,"type":"binary-expr","locations":[{"start":{"line":53,"column":8},"end":{"line":53,"column":13}},{"start":{"line":53,"column":17},"end":{"line":53,"column":29}},{"start":{"line":53,"column":33},"end":{"line":53,"column":45}}]},"8":{"line":59,"type":"if","locations":[{"start":{"line":59,"column":4},"end":{"line":59,"column":4}},{"start":{"line":59,"column":4},"end":{"line":59,"column":4}}]},"9":{"line":59,"type":"binary-expr","locations":[{"start":{"line":59,"column":8},"end":{"line":59,"column":16}},{"start":{"line":59,"column":20},"end":{"line":59,"column":33}}]},"10":{"line":60,"type":"cond-expr","locations":[{"start":{"line":60,"column":30},"end":{"line":60,"column":41}},{"start":{"line":60,"column":44},"end":{"line":60,"column":75}}]},"11":{"line":62,"type":"if","locations":[{"start":{"line":62,"column":8},"end":{"line":62,"column":8}},{"start":{"line":62,"column":8},"end":{"line":62,"column":8}}]}},"code":["'use strict';","","var isWin = process.platform === 'win32';","var resolveCommand = require('./util/resolveCommand');","","var isNode10 = process.version.indexOf('v0.10.') === 0;","","function notFoundError(command, syscall) {","    var err;","","    err = new Error(syscall + ' ' + command + ' ENOENT');","    err.code = err.errno = 'ENOENT';","    err.syscall = syscall + ' ' + command;","","    return err;","}","","function hookChildProcess(cp, parsed) {","    var originalEmit;","","    if (!isWin) {","        return;","    }","","    originalEmit = cp.emit;","    cp.emit = function (name, arg1) {","        var err;","","        // If emitting \"exit\" event and exit code is 1, we need to check if","        // the command exists and emit an \"error\" instead","        // See: https://github.com/IndigoUnited/node-cross-spawn/issues/16","        if (name === 'exit') {","            err = verifyENOENT(arg1, parsed, 'spawn');","","            if (err) {","                return originalEmit.call(cp, 'error', err);","            }","        }","","        return originalEmit.apply(cp, arguments);","    };","}","","function verifyENOENT(status, parsed) {","    if (isWin && status === 1 && !parsed.file) {","        return notFoundError(parsed.original, 'spawn');","    }","","    return null;","}","","function verifyENOENTSync(status, parsed) {","    if (isWin && status === 1 && !parsed.file) {","        return notFoundError(parsed.original, 'spawnSync');","    }","","    // If we are in node 10, then we are using spawn-sync; if it exited","    // with -1 it probably means that the command does not exist","    if (isNode10 && status === -1) {","        parsed.file = isWin ? parsed.file : resolveCommand(parsed.original);","","        if (!parsed.file) {","            return notFoundError(parsed.original, 'spawnSync');","        }","    }","","    return null;","}","","module.exports.hookChildProcess = hookChildProcess;","module.exports.verifyENOENT = verifyENOENT;","module.exports.verifyENOENTSync = verifyENOENTSync;","module.exports.notFoundError = notFoundError;",""],"l":{"3":1,"4":1,"6":1,"8":1,"9":0,"11":0,"12":0,"13":0,"15":0,"18":1,"19":0,"21":0,"22":0,"25":0,"26":0,"27":0,"32":0,"33":0,"35":0,"36":0,"40":0,"44":1,"45":0,"46":0,"49":0,"52":1,"53":0,"54":0,"59":0,"60":0,"62":0,"63":0,"67":0,"70":1,"71":1,"72":1,"73":1}}}